# JRE version: Java(TM) SE Runtime Environment (8.0_171-b11) (build 1.8.0_171-b11)
# Java VM: Java HotSpot(TM) 64-Bit Server VM (25.171-b11 mixed mode linux-amd64 compressed oops)
Heap:
 PSYoungGen      total 437248K, used 47533K [0x00000000d7200000, 0x0000000100000000, 0x0000000100000000)
  eden space 356352K, 0% used [0x00000000d7200000,0x00000000d7200000,0x00000000ece00000)
  from space 80896K, 58% used [0x00000000fb100000,0x00000000fdf6b610,0x0000000100000000)
  to   space 156672K, 0% used [0x00000000ece00000,0x00000000ece00000,0x00000000f6700000)
 ParOldGen       total 323584K, used 323479K [0x0000000085600000, 0x0000000099200000, 0x00000000d7200000)
  object space 323584K, 99% used [0x0000000085600000,0x00000000991e5db8,0x0000000099200000)
 Metaspace       used 4615K, capacity 5656K, committed 5888K, reserved 1056768K
  class space    used 422K, capacity 456K, committed 512K, reserved 1048576K
GC Heap History (10 events):
Event: 3.776 GC heap after
Heap after GC invocations=12 (full 1):
 PSYoungGen      total 648704K, used 0K [0x00000000d7200000, 0x0000000100000000, 0x0000000100000000)
  eden space 627712K, 0% used [0x00000000d7200000,0x00000000d7200000,0x00000000fd700000)
  from space 20992K, 0% used [0x00000000fd700000,0x00000000fd700000,0x00000000feb80000)
  to   space 20992K, 0% used [0x00000000feb80000,0x00000000feb80000,0x0000000100000000)
 ParOldGen       total 151552K, used 69687K [0x0000000085600000, 0x000000008ea00000, 0x00000000d7200000)
  object space 151552K, 45% used [0x0000000085600000,0x0000000089a0dd40,0x000000008ea00000)
 Metaspace       used 4615K, capacity 5656K, committed 5888K, reserved 1056768K
  class space    used 422K, capacity 456K, committed 512K, reserved 1048576K
}
Event: 4.295 GC heap before
{Heap before GC invocations=13 (full 1):
 PSYoungGen      total 648704K, used 627712K [0x00000000d7200000, 0x0000000100000000, 0x0000000100000000)
  eden space 627712K, 100% used [0x00000000d7200000,0x00000000fd700000,0x00000000fd700000)
  from space 20992K, 0% used [0x00000000fd700000,0x00000000fd700000,0x00000000feb80000)
  to   space 20992K, 0% used [0x00000000feb80000,0x00000000feb80000,0x0000000100000000)
 ParOldGen       total 151552K, used 69687K [0x0000000085600000, 0x000000008ea00000, 0x00000000d7200000)
  object space 151552K, 45% used [0x0000000085600000,0x0000000089a0dd40,0x000000008ea00000)
 Metaspace       used 4615K, capacity 5656K, committed 5888K, reserved 1056768K
  class space    used 422K, capacity 456K, committed 512K, reserved 1048576K
Event: 4.607 GC heap after
Heap after GC invocations=13 (full 1):
 PSYoungGen      total 528896K, used 20990K [0x00000000d7200000, 0x0000000100000000, 0x0000000100000000)
  eden space 507904K, 0% used [0x00000000d7200000,0x00000000d7200000,0x00000000f6200000)
  from space 20992K, 99% used [0x00000000feb80000,0x00000000fffff8a8,0x0000000100000000)
  to   space 80896K, 0% used [0x00000000f6200000,0x00000000f6200000,0x00000000fb100000)
 ParOldGen       total 175104K, used 174316K [0x0000000085600000, 0x0000000090100000, 0x00000000d7200000)
  object space 175104K, 99% used [0x0000000085600000,0x000000009003b030,0x0000000090100000)
 Metaspace       used 4615K, capacity 5656K, committed 5888K, reserved 1056768K
  class space    used 422K, capacity 456K, committed 512K, reserved 1048576K
}
Event: 4.607 GC heap before
{Heap before GC invocations=14 (full 2):
 PSYoungGen      total 528896K, used 20990K [0x00000000d7200000, 0x0000000100000000, 0x0000000100000000)
  eden space 507904K, 0% used [0x00000000d7200000,0x00000000d7200000,0x00000000f6200000)
  from space 20992K, 99% used [0x00000000feb80000,0x00000000fffff8a8,0x0000000100000000)
  to   space 80896K, 0% used [0x00000000f6200000,0x00000000f6200000,0x00000000fb100000)
 ParOldGen       total 175104K, used 174316K [0x0000000085600000, 0x0000000090100000, 0x00000000d7200000)
  object space 175104K, 99% used [0x0000000085600000,0x000000009003b030,0x0000000090100000)
 Metaspace       used 4615K, capacity 5656K, committed 5888K, reserved 1056768K
  class space    used 422K, capacity 456K, committed 512K, reserved 1048576K
Event: 5.584 GC heap after
Heap after GC invocations=14 (full 2):
 PSYoungGen      total 528896K, used 12779K [0x00000000d7200000, 0x0000000100000000, 0x0000000100000000)
  eden space 507904K, 0% used [0x00000000d7200000,0x00000000d7200000,0x00000000f6200000)
  from space 20992K, 60% used [0x00000000feb80000,0x00000000ff7fada8,0x0000000100000000)
  to   space 80896K, 0% used [0x00000000f6200000,0x00000000f6200000,0x00000000fb100000)
 ParOldGen       total 323584K, used 174870K [0x0000000085600000, 0x0000000099200000, 0x00000000d7200000)
  object space 323584K, 54% used [0x0000000085600000,0x00000000900c5b60,0x0000000099200000)
 Metaspace       used 4615K, capacity 5656K, committed 5888K, reserved 1056768K
  class space    used 422K, capacity 456K, committed 512K, reserved 1048576K
}
Event: 5.853 GC heap before
{Heap before GC invocations=15 (full 2):
 PSYoungGen      total 528896K, used 520683K [0x00000000d7200000, 0x0000000100000000, 0x0000000100000000)
  eden space 507904K, 100% used [0x00000000d7200000,0x00000000f6200000,0x00000000f6200000)
  from space 20992K, 60% used [0x00000000feb80000,0x00000000ff7fada8,0x0000000100000000)
  to   space 80896K, 0% used [0x00000000f6200000,0x00000000f6200000,0x00000000fb100000)
 ParOldGen       total 323584K, used 174870K [0x0000000085600000, 0x0000000099200000, 0x00000000d7200000)
  object space 323584K, 54% used [0x0000000085600000,0x00000000900c5b60,0x0000000099200000)
 Metaspace       used 4615K, capacity 5656K, committed 5888K, reserved 1056768K
  class space    used 422K, capacity 456K, committed 512K, reserved 1048576K
Event: 6.111 GC heap after
Heap after GC invocations=15 (full 2):
 PSYoungGen      total 588800K, used 80895K [0x00000000d7200000, 0x0000000100000000, 0x0000000100000000)
  eden space 507904K, 0% used [0x00000000d7200000,0x00000000d7200000,0x00000000f6200000)
  from space 80896K, 99% used [0x00000000f6200000,0x00000000fb0fff30,0x00000000fb100000)
  to   space 80896K, 0% used [0x00000000fb100000,0x00000000fb100000,0x0000000100000000)
 ParOldGen       total 323584K, used 225678K [0x0000000085600000, 0x0000000099200000, 0x00000000d7200000)
  object space 323584K, 69% used [0x0000000085600000,0x0000000093263b60,0x0000000099200000)
 Metaspace       used 4615K, capacity 5656K, committed 5888K, reserved 1056768K
  class space    used 422K, capacity 456K, committed 512K, reserved 1048576K
}
Event: 6.374 GC heap before
{Heap before GC invocations=16 (full 2):
 PSYoungGen      total 588800K, used 588799K [0x00000000d7200000, 0x0000000100000000, 0x0000000100000000)
  eden space 507904K, 100% used [0x00000000d7200000,0x00000000f6200000,0x00000000f6200000)
  from space 80896K, 99% used [0x00000000f6200000,0x00000000fb0fff30,0x00000000fb100000)
  to   space 80896K, 0% used [0x00000000fb100000,0x00000000fb100000,0x0000000100000000)
 ParOldGen       total 323584K, used 225678K [0x0000000085600000, 0x0000000099200000, 0x00000000d7200000)
  object space 323584K, 69% used [0x0000000085600000,0x0000000093263b60,0x0000000099200000)
 Metaspace       used 4615K, capacity 5656K, committed 5888K, reserved 1056768K
  class space    used 422K, capacity 456K, committed 512K, reserved 1048576K
Event: 6.624 GC heap after
Heap after GC invocations=16 (full 2):
 PSYoungGen      total 437248K, used 80883K [0x00000000d7200000, 0x0000000100000000, 0x0000000100000000)
  eden space 356352K, 0% used [0x00000000d7200000,0x00000000d7200000,0x00000000ece00000)
  from space 80896K, 99% used [0x00000000fb100000,0x00000000ffffcd18,0x0000000100000000)
  to   space 156672K, 0% used [0x00000000ece00000,0x00000000ece00000,0x00000000f6700000)
 ParOldGen       total 323584K, used 314855K [0x0000000085600000, 0x0000000099200000, 0x00000000d7200000)
  object space 323584K, 97% used [0x0000000085600000,0x0000000098979c28,0x0000000099200000)
 Metaspace       used 4615K, capacity 5656K, committed 5888K, reserved 1056768K
  class space    used 422K, capacity 456K, committed 512K, reserved 1048576K
}
Event: 6.624 GC heap before
{Heap before GC invocations=17 (full 3):
 PSYoungGen      total 437248K, used 80883K [0x00000000d7200000, 0x0000000100000000, 0x0000000100000000)
  eden space 356352K, 0% used [0x00000000d7200000,0x00000000d7200000,0x00000000ece00000)
  from space 80896K, 99% used [0x00000000fb100000,0x00000000ffffcd18,0x0000000100000000)
  to   space 156672K, 0% used [0x00000000ece00000,0x00000000ece00000,0x00000000f6700000)
 ParOldGen       total 323584K, used 314855K [0x0000000085600000, 0x0000000099200000, 0x00000000d7200000)
  object space 323584K, 97% used [0x0000000085600000,0x0000000098979c28,0x0000000099200000)
 Metaspace       used 4615K, capacity 5656K, committed 5888K, reserved 1056768K
  class space    used 422K, capacity 456K, committed 512K, reserved 1048576K

